TN:
SF:src/HackCertificate.sol
DA:34,8
FN:34,HackCertificate.onlyAuthorizedIssuer
FNDA:8,HackCertificate.onlyAuthorizedIssuer
DA:35,8
BRDA:35,0,0,2
BRDA:35,0,1,6
DA:46,10
FN:46,HackCertificate.authorizeIssuer
FNDA:10,HackCertificate.authorizeIssuer
DA:47,9
DA:55,2
FN:55,HackCertificate.revokeIssuer
FNDA:2,HackCertificate.revokeIssuer
DA:56,1
DA:66,8
FN:66,HackCertificate.issueCertificate
FNDA:8,HackCertificate.issueCertificate
DA:71,6
DA:72,6
DA:74,6
DA:81,6
DA:82,6
DA:90,3
FN:90,HackCertificate.verifyCertificate
FNDA:3,HackCertificate.verifyCertificate
DA:91,3
BRDA:91,1,0,2
BRDA:91,1,1,1
DA:92,1
DA:100,4
FN:100,HackCertificate._exists
FNDA:4,HackCertificate._exists
DA:101,4
DA:109,1
FN:109,HackCertificate.revokeCertificate
FNDA:1,HackCertificate.revokeCertificate
DA:110,1
BRDA:110,2,0,-
BRDA:110,2,1,1
DA:113,1
BRDA:113,3,0,-
BRDA:113,3,1,1
DA:115,1
DA:117,1
DA:128,1
FN:128,HackCertificate.transferFrom
FNDA:1,HackCertificate.transferFrom
DA:129,1
DA:140,1
FN:140,HackCertificate.safeTransferFrom
FNDA:1,HackCertificate.safeTransferFrom
DA:141,2
FNF:9
FNH:9
LF:26
LH:26
BRF:8
BRH:6
end_of_record
